2023-02-28T23:30:41.264+0800	[34mINFO[0m	engine/engine.go:402	=====> 初始化数据库连接
2023-02-28T23:30:41.274+0800	[34mINFO[0m	engine/engine.go:402	=====> 初始化配置
2023-02-28T23:30:41.278+0800	[34mINFO[0m	engine/engine.go:402	=====> 初始化导航栏按钮
2023-02-28T23:30:41.279+0800	[34mINFO[0m	engine/engine.go:402	=====> 初始化插件
2023-02-28T23:30:41.280+0800	[34mINFO[0m	engine/engine.go:402	=====> 初始化成功🍺🍺
2023-02-28T23:32:37.725+0800	[34mINFO[0m	engine/engine.go:402	=====> 初始化数据库连接
2023-02-28T23:32:37.736+0800	[34mINFO[0m	engine/engine.go:402	=====> 初始化配置
2023-02-28T23:32:37.741+0800	[34mINFO[0m	engine/engine.go:402	=====> 初始化导航栏按钮
2023-02-28T23:32:37.741+0800	[34mINFO[0m	engine/engine.go:402	=====> 初始化插件
2023-02-28T23:32:37.743+0800	[34mINFO[0m	engine/engine.go:402	=====> 初始化成功🍺🍺
2023-02-28T23:34:07.055+0800	[34mINFO[0m	engine/engine.go:402	=====> 初始化数据库连接
2023-02-28T23:34:07.067+0800	[34mINFO[0m	engine/engine.go:402	=====> 初始化配置
2023-02-28T23:34:07.072+0800	[34mINFO[0m	engine/engine.go:402	=====> 初始化导航栏按钮
2023-02-28T23:34:07.072+0800	[34mINFO[0m	engine/engine.go:402	=====> 初始化插件
2023-02-28T23:34:07.074+0800	[34mINFO[0m	engine/engine.go:402	=====> 初始化成功🍺🍺
2023-02-28T23:35:22.897+0800	[34mINFO[0m	engine/engine.go:402	=====> 初始化数据库连接
2023-02-28T23:35:22.908+0800	[34mINFO[0m	engine/engine.go:402	=====> 初始化配置
2023-02-28T23:35:22.913+0800	[34mINFO[0m	engine/engine.go:402	=====> 初始化导航栏按钮
2023-02-28T23:35:22.913+0800	[34mINFO[0m	engine/engine.go:402	=====> 初始化插件
2023-02-28T23:35:22.914+0800	[34mINFO[0m	engine/engine.go:402	=====> 初始化成功🍺🍺
2023-02-28T23:36:49.576+0800	[34mINFO[0m	engine/engine.go:402	=====> 初始化数据库连接
2023-02-28T23:36:49.587+0800	[34mINFO[0m	engine/engine.go:402	=====> 初始化配置
2023-02-28T23:36:49.591+0800	[34mINFO[0m	engine/engine.go:402	=====> 初始化导航栏按钮
2023-02-28T23:36:49.591+0800	[34mINFO[0m	engine/engine.go:402	=====> 初始化插件
2023-02-28T23:36:49.593+0800	[34mINFO[0m	engine/engine.go:402	=====> 初始化成功🍺🍺
2023-03-01T09:31:38.627+0800	[34mINFO[0m	engine/engine.go:402	=====> 初始化数据库连接
2023-03-01T09:31:38.637+0800	[34mINFO[0m	engine/engine.go:402	=====> 初始化配置
2023-03-01T09:31:38.641+0800	[34mINFO[0m	engine/engine.go:402	=====> 初始化导航栏按钮
2023-03-01T09:31:38.641+0800	[34mINFO[0m	engine/engine.go:402	=====> 初始化插件
2023-03-01T09:31:38.643+0800	[34mINFO[0m	engine/engine.go:402	=====> 初始化成功🍺🍺
2023-03-01T09:48:02.786+0800	[34mINFO[0m	engine/engine.go:402	=====> 初始化数据库连接
2023-03-01T09:48:02.797+0800	[34mINFO[0m	engine/engine.go:402	=====> 初始化配置
2023-03-01T09:48:02.801+0800	[34mINFO[0m	engine/engine.go:402	=====> 初始化导航栏按钮
2023-03-01T09:48:02.801+0800	[34mINFO[0m	engine/engine.go:402	=====> 初始化插件
2023-03-01T09:48:02.803+0800	[34mINFO[0m	engine/engine.go:402	=====> 初始化成功🍺🍺
2023-03-01T09:48:47.137+0800	[34mINFO[0m	engine/engine.go:402	=====> 初始化数据库连接
2023-03-01T09:48:47.147+0800	[34mINFO[0m	engine/engine.go:402	=====> 初始化配置
2023-03-01T09:48:47.152+0800	[34mINFO[0m	engine/engine.go:402	=====> 初始化导航栏按钮
2023-03-01T09:48:47.152+0800	[34mINFO[0m	engine/engine.go:402	=====> 初始化插件
2023-03-01T09:48:47.153+0800	[34mINFO[0m	engine/engine.go:402	=====> 初始化成功🍺🍺
2023-03-01T09:50:59.288+0800	[34mINFO[0m	engine/engine.go:402	=====> 初始化数据库连接
2023-03-01T09:50:59.299+0800	[34mINFO[0m	engine/engine.go:402	=====> 初始化配置
2023-03-01T09:50:59.304+0800	[34mINFO[0m	engine/engine.go:402	=====> 初始化导航栏按钮
2023-03-01T09:50:59.304+0800	[34mINFO[0m	engine/engine.go:402	=====> 初始化插件
2023-03-01T09:50:59.305+0800	[34mINFO[0m	engine/engine.go:402	=====> 初始化成功🍺🍺
2023-03-01T10:18:21.117+0800	[34mINFO[0m	engine/engine.go:402	=====> 初始化数据库连接
2023-03-01T10:18:21.127+0800	[34mINFO[0m	engine/engine.go:402	=====> 初始化配置
2023-03-01T10:18:21.132+0800	[34mINFO[0m	engine/engine.go:402	=====> 初始化导航栏按钮
2023-03-01T10:18:21.133+0800	[34mINFO[0m	engine/engine.go:402	=====> 初始化插件
2023-03-01T10:18:21.134+0800	[34mINFO[0m	engine/engine.go:402	=====> 初始化成功🍺🍺
2023-03-02T17:42:23.198+0800	[34mINFO[0m	engine/engine.go:402	=====> 初始化数据库连接
2023-03-02T17:42:23.211+0800	[34mINFO[0m	engine/engine.go:402	=====> 初始化配置
2023-03-02T17:42:23.215+0800	[34mINFO[0m	engine/engine.go:402	=====> 初始化导航栏按钮
2023-03-02T17:42:23.215+0800	[34mINFO[0m	engine/engine.go:402	=====> 初始化插件
2023-03-02T17:42:23.217+0800	[34mINFO[0m	engine/engine.go:402	=====> 初始化成功🍺🍺
2023-03-02T17:43:28.367+0800	[34mINFO[0m	engine/engine.go:402	=====> 初始化数据库连接
2023-03-02T17:43:28.380+0800	[34mINFO[0m	engine/engine.go:402	=====> 初始化配置
2023-03-02T17:43:28.384+0800	[34mINFO[0m	engine/engine.go:402	=====> 初始化导航栏按钮
2023-03-02T17:43:28.384+0800	[34mINFO[0m	engine/engine.go:402	=====> 初始化插件
2023-03-02T17:43:28.386+0800	[34mINFO[0m	engine/engine.go:402	=====> 初始化成功🍺🍺
2023-03-02T17:44:10.822+0800	[34mINFO[0m	engine/engine.go:402	=====> 初始化数据库连接
2023-03-02T17:44:10.834+0800	[34mINFO[0m	engine/engine.go:402	=====> 初始化配置
2023-03-02T17:44:10.839+0800	[34mINFO[0m	engine/engine.go:402	=====> 初始化导航栏按钮
2023-03-02T17:44:10.839+0800	[34mINFO[0m	engine/engine.go:402	=====> 初始化插件
2023-03-02T17:44:10.841+0800	[34mINFO[0m	engine/engine.go:402	=====> 初始化成功🍺🍺
2023-03-02T17:47:29.257+0800	[34mINFO[0m	engine/engine.go:402	=====> 初始化数据库连接
2023-03-02T17:47:29.265+0800	[34mINFO[0m	engine/engine.go:402	=====> 初始化配置
2023-03-02T17:47:29.270+0800	[34mINFO[0m	engine/engine.go:402	=====> 初始化导航栏按钮
2023-03-02T17:47:29.270+0800	[34mINFO[0m	engine/engine.go:402	=====> 初始化插件
2023-03-02T17:47:29.272+0800	[34mINFO[0m	engine/engine.go:402	=====> 初始化成功🍺🍺
2023-03-02T17:49:49.619+0800	[34mINFO[0m	engine/engine.go:402	=====> 初始化数据库连接
2023-03-02T17:49:49.630+0800	[34mINFO[0m	engine/engine.go:402	=====> 初始化配置
2023-03-02T17:49:49.635+0800	[34mINFO[0m	engine/engine.go:402	=====> 初始化导航栏按钮
2023-03-02T17:49:49.635+0800	[34mINFO[0m	engine/engine.go:402	=====> 初始化插件
2023-03-02T17:49:49.636+0800	[34mINFO[0m	engine/engine.go:402	=====> 初始化成功🍺🍺
2023-03-02T17:57:31.287+0800	[34mINFO[0m	engine/engine.go:402	=====> 初始化数据库连接
2023-03-02T17:57:31.298+0800	[34mINFO[0m	engine/engine.go:402	=====> 初始化配置
2023-03-02T17:57:31.302+0800	[34mINFO[0m	engine/engine.go:402	=====> 初始化导航栏按钮
2023-03-02T17:57:31.303+0800	[34mINFO[0m	engine/engine.go:402	=====> 初始化插件
2023-03-02T17:57:31.304+0800	[34mINFO[0m	engine/engine.go:402	=====> 初始化成功🍺🍺
2023-03-02T17:57:57.854+0800	[34mINFO[0m	engine/engine.go:402	=====> 初始化数据库连接
2023-03-02T17:57:57.865+0800	[34mINFO[0m	engine/engine.go:402	=====> 初始化配置
2023-03-02T17:57:57.869+0800	[34mINFO[0m	engine/engine.go:402	=====> 初始化导航栏按钮
2023-03-02T17:57:57.869+0800	[34mINFO[0m	engine/engine.go:402	=====> 初始化插件
2023-03-02T17:57:57.871+0800	[34mINFO[0m	engine/engine.go:402	=====> 初始化成功🍺🍺
2023-03-04T12:12:33.361+0800	[34mINFO[0m	engine/engine.go:402	=====> 初始化数据库连接
2023-03-04T12:12:33.373+0800	[34mINFO[0m	engine/engine.go:402	=====> 初始化配置
2023-03-04T12:12:33.377+0800	[34mINFO[0m	engine/engine.go:402	=====> 初始化导航栏按钮
2023-03-04T12:12:33.378+0800	[34mINFO[0m	engine/engine.go:402	=====> 初始化插件
2023-03-04T12:12:33.379+0800	[34mINFO[0m	engine/engine.go:402	=====> 初始化成功🍺🍺
2023-03-04T12:14:56.699+0800	[34mINFO[0m	engine/engine.go:402	=====> 初始化数据库连接
2023-03-04T12:14:56.711+0800	[34mINFO[0m	engine/engine.go:402	=====> 初始化配置
2023-03-04T12:14:56.716+0800	[34mINFO[0m	engine/engine.go:402	=====> 初始化导航栏按钮
2023-03-04T12:14:56.716+0800	[34mINFO[0m	engine/engine.go:402	=====> 初始化插件
2023-03-04T12:14:56.718+0800	[34mINFO[0m	engine/engine.go:402	=====> 初始化成功🍺🍺
2023-03-04T12:16:52.015+0800	[34mINFO[0m	engine/engine.go:402	=====> 初始化数据库连接
2023-03-04T12:16:52.026+0800	[34mINFO[0m	engine/engine.go:402	=====> 初始化配置
2023-03-04T12:16:52.030+0800	[34mINFO[0m	engine/engine.go:402	=====> 初始化导航栏按钮
2023-03-04T12:16:52.031+0800	[34mINFO[0m	engine/engine.go:402	=====> 初始化插件
2023-03-04T12:16:52.032+0800	[34mINFO[0m	engine/engine.go:402	=====> 初始化成功🍺🍺
2023-03-04T12:19:22.216+0800	[34mINFO[0m	engine/engine.go:402	=====> 初始化数据库连接
2023-03-04T12:19:22.227+0800	[34mINFO[0m	engine/engine.go:402	=====> 初始化配置
2023-03-04T12:19:22.232+0800	[34mINFO[0m	engine/engine.go:402	=====> 初始化导航栏按钮
2023-03-04T12:19:22.232+0800	[34mINFO[0m	engine/engine.go:402	=====> 初始化插件
2023-03-04T12:19:22.234+0800	[34mINFO[0m	engine/engine.go:402	=====> 初始化成功🍺🍺
2023-03-04T12:23:25.325+0800	[34mINFO[0m	engine/engine.go:402	=====> 初始化数据库连接
2023-03-04T12:23:25.337+0800	[34mINFO[0m	engine/engine.go:402	=====> 初始化配置
2023-03-04T12:23:25.342+0800	[34mINFO[0m	engine/engine.go:402	=====> 初始化导航栏按钮
2023-03-04T12:23:25.342+0800	[34mINFO[0m	engine/engine.go:402	=====> 初始化插件
2023-03-04T12:23:25.344+0800	[34mINFO[0m	engine/engine.go:402	=====> 初始化成功🍺🍺
2023-03-04T12:25:21.491+0800	[34mINFO[0m	engine/engine.go:402	=====> 初始化数据库连接
2023-03-04T12:25:21.502+0800	[34mINFO[0m	engine/engine.go:402	=====> 初始化配置
2023-03-04T12:25:21.507+0800	[34mINFO[0m	engine/engine.go:402	=====> 初始化导航栏按钮
2023-03-04T12:25:21.508+0800	[34mINFO[0m	engine/engine.go:402	=====> 初始化插件
2023-03-04T12:25:21.509+0800	[34mINFO[0m	engine/engine.go:402	=====> 初始化成功🍺🍺
2023-03-04T12:28:57.601+0800	[34mINFO[0m	engine/engine.go:402	=====> 初始化数据库连接
2023-03-04T12:28:57.611+0800	[34mINFO[0m	engine/engine.go:402	=====> 初始化配置
2023-03-04T12:28:57.616+0800	[34mINFO[0m	engine/engine.go:402	=====> 初始化导航栏按钮
2023-03-04T12:28:57.616+0800	[34mINFO[0m	engine/engine.go:402	=====> 初始化插件
2023-03-04T12:28:57.618+0800	[34mINFO[0m	engine/engine.go:402	=====> 初始化成功🍺🍺
2023-03-04T12:30:18.099+0800	[34mINFO[0m	engine/engine.go:402	=====> 初始化数据库连接
2023-03-04T12:30:18.110+0800	[34mINFO[0m	engine/engine.go:402	=====> 初始化配置
2023-03-04T12:30:18.115+0800	[34mINFO[0m	engine/engine.go:402	=====> 初始化导航栏按钮
2023-03-04T12:30:18.115+0800	[34mINFO[0m	engine/engine.go:402	=====> 初始化插件
2023-03-04T12:30:18.117+0800	[34mINFO[0m	engine/engine.go:402	=====> 初始化成功🍺🍺
2023-03-04T12:34:38.157+0800	[34mINFO[0m	engine/engine.go:402	=====> 初始化数据库连接
2023-03-04T12:34:38.166+0800	[34mINFO[0m	engine/engine.go:402	=====> 初始化配置
2023-03-04T12:34:38.171+0800	[34mINFO[0m	engine/engine.go:402	=====> 初始化导航栏按钮
2023-03-04T12:34:38.171+0800	[34mINFO[0m	engine/engine.go:402	=====> 初始化插件
2023-03-04T12:34:38.173+0800	[34mINFO[0m	engine/engine.go:402	=====> 初始化成功🍺🍺
2023-03-04T12:36:05.100+0800	[34mINFO[0m	engine/engine.go:402	=====> 初始化数据库连接
2023-03-04T12:36:05.107+0800	[34mINFO[0m	engine/engine.go:402	=====> 初始化配置
2023-03-04T12:36:05.112+0800	[34mINFO[0m	engine/engine.go:402	=====> 初始化导航栏按钮
2023-03-04T12:36:05.113+0800	[34mINFO[0m	engine/engine.go:402	=====> 初始化插件
2023-03-04T12:36:05.114+0800	[34mINFO[0m	engine/engine.go:402	=====> 初始化成功🍺🍺
2023-03-04T12:37:23.743+0800	[34mINFO[0m	engine/engine.go:402	=====> 初始化数据库连接
2023-03-04T12:37:23.755+0800	[34mINFO[0m	engine/engine.go:402	=====> 初始化配置
2023-03-04T12:37:23.760+0800	[34mINFO[0m	engine/engine.go:402	=====> 初始化导航栏按钮
2023-03-04T12:37:23.760+0800	[34mINFO[0m	engine/engine.go:402	=====> 初始化插件
2023-03-04T12:37:23.762+0800	[34mINFO[0m	engine/engine.go:402	=====> 初始化成功🍺🍺
2023-03-04T12:43:38.878+0800	[34mINFO[0m	engine/engine.go:402	=====> 初始化数据库连接
2023-03-04T12:43:38.890+0800	[34mINFO[0m	engine/engine.go:402	=====> 初始化配置
2023-03-04T12:43:38.895+0800	[34mINFO[0m	engine/engine.go:402	=====> 初始化导航栏按钮
2023-03-04T12:43:38.895+0800	[34mINFO[0m	engine/engine.go:402	=====> 初始化插件
2023-03-04T12:43:38.897+0800	[34mINFO[0m	engine/engine.go:402	=====> 初始化成功🍺🍺
2023-03-04T12:45:03.099+0800	[34mINFO[0m	engine/engine.go:402	=====> 初始化数据库连接
2023-03-04T12:45:03.111+0800	[34mINFO[0m	engine/engine.go:402	=====> 初始化配置
2023-03-04T12:45:03.116+0800	[34mINFO[0m	engine/engine.go:402	=====> 初始化导航栏按钮
2023-03-04T12:45:03.116+0800	[34mINFO[0m	engine/engine.go:402	=====> 初始化插件
2023-03-04T12:45:03.118+0800	[34mINFO[0m	engine/engine.go:402	=====> 初始化成功🍺🍺
2023-03-04T12:45:25.009+0800	[34mINFO[0m	engine/engine.go:402	=====> 初始化数据库连接
2023-03-04T12:45:25.018+0800	[34mINFO[0m	engine/engine.go:402	=====> 初始化配置
2023-03-04T12:45:25.023+0800	[34mINFO[0m	engine/engine.go:402	=====> 初始化导航栏按钮
2023-03-04T12:45:25.023+0800	[34mINFO[0m	engine/engine.go:402	=====> 初始化插件
2023-03-04T12:45:25.025+0800	[34mINFO[0m	engine/engine.go:402	=====> 初始化成功🍺🍺
2023-03-04T12:47:19.821+0800	[34mINFO[0m	engine/engine.go:402	=====> 初始化数据库连接
2023-03-04T12:47:19.832+0800	[34mINFO[0m	engine/engine.go:402	=====> 初始化配置
2023-03-04T12:47:19.837+0800	[34mINFO[0m	engine/engine.go:402	=====> 初始化导航栏按钮
2023-03-04T12:47:19.837+0800	[34mINFO[0m	engine/engine.go:402	=====> 初始化插件
2023-03-04T12:47:19.839+0800	[34mINFO[0m	engine/engine.go:402	=====> 初始化成功🍺🍺
2023-03-04T12:49:24.446+0800	[34mINFO[0m	engine/engine.go:402	=====> 初始化数据库连接
2023-03-04T12:49:24.458+0800	[34mINFO[0m	engine/engine.go:402	=====> 初始化配置
2023-03-04T12:49:24.463+0800	[34mINFO[0m	engine/engine.go:402	=====> 初始化导航栏按钮
2023-03-04T12:49:24.463+0800	[34mINFO[0m	engine/engine.go:402	=====> 初始化插件
2023-03-04T12:49:24.465+0800	[34mINFO[0m	engine/engine.go:402	=====> 初始化成功🍺🍺
2023-03-04T12:50:01.954+0800	[34mINFO[0m	engine/engine.go:402	=====> 初始化数据库连接
2023-03-04T12:50:01.966+0800	[34mINFO[0m	engine/engine.go:402	=====> 初始化配置
2023-03-04T12:50:01.970+0800	[34mINFO[0m	engine/engine.go:402	=====> 初始化导航栏按钮
2023-03-04T12:50:01.970+0800	[34mINFO[0m	engine/engine.go:402	=====> 初始化插件
2023-03-04T12:50:01.972+0800	[34mINFO[0m	engine/engine.go:402	=====> 初始化成功🍺🍺
2023-03-04T18:50:50.758+0800	[34mINFO[0m	engine/engine.go:402	=====> 初始化数据库连接
2023-03-04T18:50:50.768+0800	[34mINFO[0m	engine/engine.go:402	=====> 初始化配置
2023-03-04T18:50:50.773+0800	[34mINFO[0m	engine/engine.go:402	=====> 初始化导航栏按钮
2023-03-04T18:50:50.773+0800	[34mINFO[0m	engine/engine.go:402	=====> 初始化插件
2023-03-04T18:50:50.775+0800	[34mINFO[0m	engine/engine.go:402	=====> 初始化成功🍺🍺
2023-03-04T18:52:50.506+0800	[34mINFO[0m	engine/engine.go:402	=====> 初始化数据库连接
2023-03-04T18:52:50.516+0800	[34mINFO[0m	engine/engine.go:402	=====> 初始化配置
2023-03-04T18:52:50.521+0800	[34mINFO[0m	engine/engine.go:402	=====> 初始化导航栏按钮
2023-03-04T18:52:50.521+0800	[34mINFO[0m	engine/engine.go:402	=====> 初始化插件
2023-03-04T18:52:50.523+0800	[34mINFO[0m	engine/engine.go:402	=====> 初始化成功🍺🍺
2023-03-04T18:53:34.738+0800	[34mINFO[0m	engine/engine.go:402	=====> 初始化数据库连接
2023-03-04T18:53:34.749+0800	[34mINFO[0m	engine/engine.go:402	=====> 初始化配置
2023-03-04T18:53:34.754+0800	[34mINFO[0m	engine/engine.go:402	=====> 初始化导航栏按钮
2023-03-04T18:53:34.754+0800	[34mINFO[0m	engine/engine.go:402	=====> 初始化插件
2023-03-04T18:53:34.755+0800	[34mINFO[0m	engine/engine.go:402	=====> 初始化成功🍺🍺
2023-03-04T18:54:14.929+0800	[34mINFO[0m	engine/engine.go:402	=====> 初始化数据库连接
2023-03-04T18:54:14.940+0800	[34mINFO[0m	engine/engine.go:402	=====> 初始化配置
2023-03-04T18:54:14.944+0800	[34mINFO[0m	engine/engine.go:402	=====> 初始化导航栏按钮
2023-03-04T18:54:14.944+0800	[34mINFO[0m	engine/engine.go:402	=====> 初始化插件
2023-03-04T18:54:14.946+0800	[34mINFO[0m	engine/engine.go:402	=====> 初始化成功🍺🍺
2023-03-09T10:27:45.807+0800	[34mINFO[0m	engine/engine.go:402	=====> 初始化数据库连接
2023-03-09T10:27:45.818+0800	[34mINFO[0m	engine/engine.go:402	=====> 初始化配置
2023-03-09T10:27:45.823+0800	[34mINFO[0m	engine/engine.go:402	=====> 初始化导航栏按钮
2023-03-09T10:27:45.824+0800	[34mINFO[0m	engine/engine.go:402	=====> 初始化插件
2023-03-09T10:27:45.825+0800	[34mINFO[0m	engine/engine.go:402	=====> 初始化成功🍺🍺
2023-03-14T17:55:54.318+0800	[34mINFO[0m	engine/engine.go:402	=====> 初始化数据库连接
2023-03-14T17:55:54.330+0800	[34mINFO[0m	engine/engine.go:402	=====> 初始化配置
2023-03-14T17:55:54.334+0800	[34mINFO[0m	engine/engine.go:402	=====> 初始化导航栏按钮
2023-03-14T17:55:54.334+0800	[34mINFO[0m	engine/engine.go:402	=====> 初始化插件
2023-03-14T17:55:54.336+0800	[34mINFO[0m	engine/engine.go:402	=====> 初始化成功🍺🍺
2023-03-14T18:00:28.081+0800	[34mINFO[0m	engine/engine.go:402	=====> 初始化数据库连接
2023-03-14T18:00:28.092+0800	[34mINFO[0m	engine/engine.go:402	=====> 初始化配置
2023-03-14T18:00:28.097+0800	[34mINFO[0m	engine/engine.go:402	=====> 初始化导航栏按钮
2023-03-14T18:00:28.098+0800	[34mINFO[0m	engine/engine.go:402	=====> 初始化插件
2023-03-14T18:00:28.099+0800	[34mINFO[0m	engine/engine.go:402	=====> 初始化成功🍺🍺
